<?xml version="1.0" encoding="UTF-8"?>
<testsuite xmlns:xsi="http://www.w3.org/2001/XMLSchema-instance" xsi:noNamespaceSchemaLocation="https://maven.apache.org/surefire/maven-surefire-plugin/xsd/surefire-test-report.xsd" version="3.0.2" name="com.example.demo.DemoApplicationTests" time="36.427" tests="1" errors="0" skipped="0" failures="0">
  <properties>
[...]
</properties>
  <testcase name="contextLoads" classname="com.example.demo.DemoApplicationTests" time="1.28">
    <system-out><![CDATA[18:36:52.733 [main] INFO org.springframework.test.context.support.AnnotationConfigContextLoaderUtils -- Could not detect default configuration classes for test class [com.example.demo.DemoApplicationTests]: DemoApplicationTests does not declare any static, non-private, non-final, nested classes annotated with @Configuration.
18:36:53.092 [main] INFO org.springframework.boot.test.context.SpringBootTestContextBootstrapper -- Found @SpringBootConfiguration com.example.demo.DemoApplication for test class com.example.demo.DemoApplicationTests
18:36:53.592 [main] INFO org.springframework.boot.devtools.restart.RestartApplicationListener -- Restart disabled due to context in which it is running

  .   ____          _            __ _ _
 /\\ / ___'_ __ _ _(_)_ __  __ _ \ \ \ \
( ( )\___ | '_ | '_| | '_ \/ _` | \ \ \ \
 \\/  ___)| |_)| | | | | || (_| |  ) ) ) )
  '  |____| .__|_| |_|_| |_\__, | / / / /
 =========|_|==============|___/=/_/_/_/

 :: Spring Boot ::                (v3.5.3)

2025-07-22T18:36:54.471+02:00  INFO 14448 --- [courseapp] [           main] com.example.demo.DemoApplicationTests    : Starting DemoApplicationTests using Java 21.0.7 with PID 14448 (started by Admin in C:\Users\Admin\Documents\CourseDemoApp\courseapp\demoo\demo)
2025-07-22T18:36:54.471+02:00  INFO 14448 --- [courseapp] [           main] com.example.demo.DemoApplicationTests    : No active profile set, falling back to 1 default profile: "default"
2025-07-22T18:36:56.871+02:00  INFO 14448 --- [courseapp] [           main] .s.d.r.c.RepositoryConfigurationDelegate : Bootstrapping Spring Data JPA repositories in DEFAULT mode.
2025-07-22T18:36:56.996+02:00  INFO 14448 --- [courseapp] [           main] .s.d.r.c.RepositoryConfigurationDelegate : Finished Spring Data repository scanning in 109 ms. Found 2 JPA repository interfaces.
2025-07-22T18:36:58.621+02:00  INFO 14448 --- [courseapp] [           main] o.hibernate.jpa.internal.util.LogHelper  : HHH000204: Processing PersistenceUnitInfo [name: default]
2025-07-22T18:36:58.762+02:00  INFO 14448 --- [courseapp] [           main] org.hibernate.Version                    : HHH000412: Hibernate ORM core version 6.6.18.Final
2025-07-22T18:36:58.871+02:00  INFO 14448 --- [courseapp] [           main] o.h.c.internal.RegionFactoryInitiator    : HHH000026: Second-level cache disabled
2025-07-22T18:37:00.029+02:00  INFO 14448 --- [courseapp] [           main] o.s.o.j.p.SpringPersistenceUnitInfo      : No LoadTimeWeaver setup: ignoring JPA class transformer
2025-07-22T18:37:00.139+02:00  INFO 14448 --- [courseapp] [           main] com.zaxxer.hikari.HikariDataSource       : HikariPool-1 - Starting...
2025-07-22T18:37:00.764+02:00  INFO 14448 --- [courseapp] [           main] com.zaxxer.hikari.pool.HikariPool        : HikariPool-1 - Added connection org.postgresql.jdbc.PgConnection@603d25db
2025-07-22T18:37:00.764+02:00  INFO 14448 --- [courseapp] [           main] com.zaxxer.hikari.HikariDataSource       : HikariPool-1 - Start completed.
2025-07-22T18:37:00.936+02:00  WARN 14448 --- [courseapp] [           main] org.hibernate.orm.deprecation            : HHH90000025: PostgreSQLDialect does not need to be specified explicitly using 'hibernate.dialect' (remove the property setting and it will be selected by default)
2025-07-22T18:37:01.014+02:00  INFO 14448 --- [courseapp] [           main] org.hibernate.orm.connections.pooling    : HHH10001005: Database info:
	Database JDBC URL [Connecting through datasource 'HikariDataSource (HikariPool-1)']
	Database driver: undefined/unknown
	Database version: 17.5
	Autocommit mode: undefined/unknown
	Isolation level: undefined/unknown
	Minimum pool size: undefined/unknown
	Maximum pool size: undefined/unknown
2025-07-22T18:37:03.971+02:00  INFO 14448 --- [courseapp] [           main] o.h.e.t.j.p.i.JtaPlatformInitiator       : HHH000489: No JTA platform available (set 'hibernate.transaction.jta.platform' to enable JTA platform integration)
2025-07-22T18:37:04.424+02:00  INFO 14448 --- [courseapp] [           main] j.LocalContainerEntityManagerFactoryBean : Initialized JPA EntityManagerFactory for persistence unit 'default'
2025-07-22T18:37:08.438+02:00  INFO 14448 --- [courseapp] [           main] org.reflections.Reflections              : Reflections took 2852 ms to scan 3 urls, producing 2540 keys and 29238 values
2025-07-22T18:37:10.945+02:00  INFO 14448 --- [courseapp] [           main] org.reflections.Reflections              : Reflections took 1930 ms to scan 3 urls, producing 2540 keys and 29238 values
2025-07-22T18:37:16.322+02:00  INFO 14448 --- [courseapp] [Pool-1-worker-1] commercetools.auth                       : POST https://auth.europe-west1.gcp.commercetools.com/oauth/token 200
2025-07-22T18:37:24.014+02:00  INFO 14448 --- [courseapp] [Pool-1-worker-1] commercetools.product-types.response     : POST https://api.europe-west1.gcp.commercetools.com/courseapp/product-types 201 7614 projects;dur=48 courseapp/30689f78-0a83-42ea-946d-a2abaeb2b70f
Created Product Type ID: 14f96b6c-8d11-4479-8129-c4fead9ce269
2025-07-22T18:37:24.581+02:00  WARN 14448 --- [courseapp] [           main] JpaBaseConfiguration$JpaWebConfiguration : spring.jpa.open-in-view is enabled by default. Therefore, database queries may be performed during view rendering. Explicitly configure spring.jpa.open-in-view to disable this warning
2025-07-22T18:37:24.701+02:00  INFO 14448 --- [courseapp] [           main] o.s.b.a.w.s.WelcomePageHandlerMapping    : Adding welcome page template: index
2025-07-22T18:37:25.373+02:00  INFO 14448 --- [courseapp] [           main] r$InitializeUserDetailsManagerConfigurer : Global AuthenticationManager configured with UserDetailsService bean with name users
2025-07-22T18:37:26.108+02:00  INFO 14448 --- [courseapp] [           main] o.s.v.b.OptionalValidatorFactoryBean     : Failed to set up a Bean Validation provider: jakarta.validation.NoProviderFoundException: Unable to create a Configuration, because no Jakarta Bean Validation provider could be found. Add a provider like Hibernate Validator (RI) to your classpath.
2025-07-22T18:37:26.910+02:00  INFO 14448 --- [courseapp] [           main] com.example.demo.DemoApplicationTests    : Started DemoApplicationTests in 33.349 seconds (process running for 36.663)
Hibernate: insert into course (description,title) values (?,?)
Hibernate: insert into course (description,title) values (?,?)
]]></system-out>
    <system-err><![CDATA[Mockito is currently self-attaching to enable the inline-mock-maker. This will no longer work in future releases of the JDK. Please add Mockito as an agent to your build as described in Mockito's documentation: https://javadoc.io/doc/org.mockito/mockito-core/latest/org.mockito/org/mockito/Mockito.html#0.3
WARNING: A Java agent has been loaded dynamically (C:\Users\Admin\.m2\repository\net\bytebuddy\byte-buddy-agent\1.17.6\byte-buddy-agent-1.17.6.jar)
WARNING: If a serviceability tool is in use, please run with -XX:+EnableDynamicAgentLoading to hide this warning
WARNING: If a serviceability tool is not in use, please run with -Djdk.instrument.traceUsage for more information
WARNING: Dynamic loading of agents will be disallowed by default in a future release
]]></system-err>
  </testcase>
</testsuite>